<?xml version="1.0" encoding="UTF-8"?>
<!-- Generated by org.testng.reporters.JUnitReportReporter -->
<testsuite skipped="0" hostname="HC-UT40903N" name="testscripts.ToVerifySearchWeatherInYourCity" tests="2" failures="0" timestamp="10 Aug 2021 10:30:49 GMT" time="76.136" errors="0">
  <testcase name="SearchWeather" time="42.697" classname="testscripts.ToVerifySearchWeatherInYourCity"/>
  <testcase name="SearchWeather" time="33.439" classname="testscripts.ToVerifySearchWeatherInYourCity"/>
</testsuite> <!-- testscripts.ToVerifySearchWeatherInYourCity -->
